{"message": "Logging configured: file=/app/work/logs/bypass/app.log, max_bytes=104857600, backup_count=5", "timestamp": "2026-04-13 17:01:06", "level": "INFO", "logger": "root", "log_id": "", "run_id": "", "space_id": "", "project_id": "", "method": "", "x_tt_env": "", "lineno": 178, "funcName": "setup_logging", "taskName": null}
{"message": "Adding job tentatively -- it will be properly scheduled when the scheduler starts", "timestamp": "2026-04-13 17:01:07", "level": "INFO", "logger": "apscheduler.scheduler", "log_id": "", "run_id": "", "space_id": "", "project_id": "", "method": "", "x_tt_env": "", "lineno": 507, "funcName": "add_job", "taskName": null}
{"message": "Added job \"PromptCache._refresh_all_prompts\" to job store \"default\"", "timestamp": "2026-04-13 17:01:07", "level": "INFO", "logger": "apscheduler.scheduler", "log_id": "", "run_id": "", "space_id": "", "project_id": "", "method": "", "x_tt_env": "", "lineno": 1090, "funcName": "_real_add_job", "taskName": null}
{"message": "Scheduler started", "timestamp": "2026-04-13 17:01:07", "level": "INFO", "logger": "apscheduler.scheduler", "log_id": "", "run_id": "", "space_id": "", "project_id": "", "method": "", "x_tt_env": "", "lineno": 214, "funcName": "start", "taskName": null}
{"message": "🔍 检查前端目录: /workspace/projects/frontend", "timestamp": "2026-04-13 17:01:07", "level": "INFO", "logger": "__main__", "log_id": "", "run_id": "", "space_id": "", "project_id": "", "method": "", "x_tt_env": "", "lineno": 239, "funcName": "<module>", "taskName": null}
{"message": "   目录存在: True", "timestamp": "2026-04-13 17:01:07", "level": "INFO", "logger": "__main__", "log_id": "", "run_id": "", "space_id": "", "project_id": "", "method": "", "x_tt_env": "", "lineno": 240, "funcName": "<module>", "taskName": null}
{"message": "   CSS目录: /workspace/projects/frontend/css - True", "timestamp": "2026-04-13 17:01:07", "level": "INFO", "logger": "__main__", "log_id": "", "run_id": "", "space_id": "", "project_id": "", "method": "", "x_tt_env": "", "lineno": 248, "funcName": "<module>", "taskName": null}
{"message": "   JS目录: /workspace/projects/frontend/js - True", "timestamp": "2026-04-13 17:01:07", "level": "INFO", "logger": "__main__", "log_id": "", "run_id": "", "space_id": "", "project_id": "", "method": "", "x_tt_env": "", "lineno": 249, "funcName": "<module>", "taskName": null}
{"message": "   Assets目录: /workspace/projects/frontend/assets - True", "timestamp": "2026-04-13 17:01:07", "level": "INFO", "logger": "__main__", "log_id": "", "run_id": "", "space_id": "", "project_id": "", "method": "", "x_tt_env": "", "lineno": 250, "funcName": "<module>", "taskName": null}
{"message": "   ✅ CSS静态文件已挂载", "timestamp": "2026-04-13 17:01:07", "level": "INFO", "logger": "__main__", "log_id": "", "run_id": "", "space_id": "", "project_id": "", "method": "", "x_tt_env": "", "lineno": 254, "funcName": "<module>", "taskName": null}
{"message": "   ✅ JS静态文件已挂载", "timestamp": "2026-04-13 17:01:07", "level": "INFO", "logger": "__main__", "log_id": "", "run_id": "", "space_id": "", "project_id": "", "method": "", "x_tt_env": "", "lineno": 257, "funcName": "<module>", "taskName": null}
{"message": "   ✅ Assets静态文件已挂载", "timestamp": "2026-04-13 17:01:07", "level": "INFO", "logger": "__main__", "log_id": "", "run_id": "", "space_id": "", "project_id": "", "method": "", "x_tt_env": "", "lineno": 260, "funcName": "<module>", "taskName": null}
{"message": "✅ 前端界面已加载: /workspace/projects/frontend", "timestamp": "2026-04-13 17:01:07", "level": "INFO", "logger": "__main__", "log_id": "", "run_id": "", "space_id": "", "project_id": "", "method": "", "x_tt_env": "", "lineno": 262, "funcName": "<module>", "taskName": null}
{"message": "Start HTTP Server, Port: 5000, Workers: 1", "timestamp": "2026-04-13 17:01:07", "level": "INFO", "logger": "__main__", "log_id": "", "run_id": "", "space_id": "", "project_id": "", "method": "", "x_tt_env": "", "lineno": 615, "funcName": "start_http_server", "taskName": null}
INFO:     Will watch for changes in these directories: ['/workspace/projects']
INFO:     Uvicorn running on http://0.0.0.0:5000 (Press CTRL+C to quit)
INFO:     Started reloader process [3748] using StatReload
{"message": "Logging configured: file=/app/work/logs/bypass/app.log, max_bytes=104857600, backup_count=5", "timestamp": "2026-04-13 17:01:11", "level": "INFO", "logger": "root", "log_id": "", "run_id": "", "space_id": "", "project_id": "", "method": "", "x_tt_env": "", "lineno": 178, "funcName": "setup_logging", "taskName": null}
{"message": "Adding job tentatively -- it will be properly scheduled when the scheduler starts", "timestamp": "2026-04-13 17:01:12", "level": "INFO", "logger": "apscheduler.scheduler", "log_id": "", "run_id": "", "space_id": "", "project_id": "", "method": "", "x_tt_env": "", "lineno": 507, "funcName": "add_job", "taskName": null}
{"message": "Added job \"PromptCache._refresh_all_prompts\" to job store \"default\"", "timestamp": "2026-04-13 17:01:12", "level": "INFO", "logger": "apscheduler.scheduler", "log_id": "", "run_id": "", "space_id": "", "project_id": "", "method": "", "x_tt_env": "", "lineno": 1090, "funcName": "_real_add_job", "taskName": null}
{"message": "Scheduler started", "timestamp": "2026-04-13 17:01:12", "level": "INFO", "logger": "apscheduler.scheduler", "log_id": "", "run_id": "", "space_id": "", "project_id": "", "method": "", "x_tt_env": "", "lineno": 214, "funcName": "start", "taskName": null}
{"message": "🔍 检查前端目录: /workspace/projects/frontend", "timestamp": "2026-04-13 17:01:12", "level": "INFO", "logger": "__mp_main__", "log_id": "", "run_id": "", "space_id": "", "project_id": "", "method": "", "x_tt_env": "", "lineno": 239, "funcName": "<module>", "taskName": null}
{"message": "   目录存在: True", "timestamp": "2026-04-13 17:01:12", "level": "INFO", "logger": "__mp_main__", "log_id": "", "run_id": "", "space_id": "", "project_id": "", "method": "", "x_tt_env": "", "lineno": 240, "funcName": "<module>", "taskName": null}
{"message": "   CSS目录: /workspace/projects/frontend/css - True", "timestamp": "2026-04-13 17:01:12", "level": "INFO", "logger": "__mp_main__", "log_id": "", "run_id": "", "space_id": "", "project_id": "", "method": "", "x_tt_env": "", "lineno": 248, "funcName": "<module>", "taskName": null}
{"message": "   JS目录: /workspace/projects/frontend/js - True", "timestamp": "2026-04-13 17:01:12", "level": "INFO", "logger": "__mp_main__", "log_id": "", "run_id": "", "space_id": "", "project_id": "", "method": "", "x_tt_env": "", "lineno": 249, "funcName": "<module>", "taskName": null}
{"message": "   Assets目录: /workspace/projects/frontend/assets - True", "timestamp": "2026-04-13 17:01:12", "level": "INFO", "logger": "__mp_main__", "log_id": "", "run_id": "", "space_id": "", "project_id": "", "method": "", "x_tt_env": "", "lineno": 250, "funcName": "<module>", "taskName": null}
{"message": "   ✅ CSS静态文件已挂载", "timestamp": "2026-04-13 17:01:12", "level": "INFO", "logger": "__mp_main__", "log_id": "", "run_id": "", "space_id": "", "project_id": "", "method": "", "x_tt_env": "", "lineno": 254, "funcName": "<module>", "taskName": null}
{"message": "   ✅ JS静态文件已挂载", "timestamp": "2026-04-13 17:01:12", "level": "INFO", "logger": "__mp_main__", "log_id": "", "run_id": "", "space_id": "", "project_id": "", "method": "", "x_tt_env": "", "lineno": 257, "funcName": "<module>", "taskName": null}
{"message": "   ✅ Assets静态文件已挂载", "timestamp": "2026-04-13 17:01:12", "level": "INFO", "logger": "__mp_main__", "log_id": "", "run_id": "", "space_id": "", "project_id": "", "method": "", "x_tt_env": "", "lineno": 260, "funcName": "<module>", "taskName": null}
{"message": "✅ 前端界面已加载: /workspace/projects/frontend", "timestamp": "2026-04-13 17:01:12", "level": "INFO", "logger": "__mp_main__", "log_id": "", "run_id": "", "space_id": "", "project_id": "", "method": "", "x_tt_env": "", "lineno": 262, "funcName": "<module>", "taskName": null}
{"message": "Logging configured: file=/app/work/logs/bypass/app.log, max_bytes=104857600, backup_count=5", "timestamp": "2026-04-13 17:01:12", "level": "INFO", "logger": "root", "log_id": "", "run_id": "", "space_id": "", "project_id": "", "method": "", "x_tt_env": "", "lineno": 178, "funcName": "setup_logging", "taskName": "Task-1"}
{"message": "🔍 检查前端目录: /workspace/projects/frontend", "timestamp": "2026-04-13 17:01:12", "level": "INFO", "logger": "main", "log_id": "", "run_id": "", "space_id": "", "project_id": "", "method": "", "x_tt_env": "", "lineno": 239, "funcName": "<module>", "taskName": "Task-1"}
{"message": "   目录存在: True", "timestamp": "2026-04-13 17:01:12", "level": "INFO", "logger": "main", "log_id": "", "run_id": "", "space_id": "", "project_id": "", "method": "", "x_tt_env": "", "lineno": 240, "funcName": "<module>", "taskName": "Task-1"}
{"message": "   CSS目录: /workspace/projects/frontend/css - True", "timestamp": "2026-04-13 17:01:12", "level": "INFO", "logger": "main", "log_id": "", "run_id": "", "space_id": "", "project_id": "", "method": "", "x_tt_env": "", "lineno": 248, "funcName": "<module>", "taskName": "Task-1"}
{"message": "   JS目录: /workspace/projects/frontend/js - True", "timestamp": "2026-04-13 17:01:12", "level": "INFO", "logger": "main", "log_id": "", "run_id": "", "space_id": "", "project_id": "", "method": "", "x_tt_env": "", "lineno": 249, "funcName": "<module>", "taskName": "Task-1"}
{"message": "   Assets目录: /workspace/projects/frontend/assets - True", "timestamp": "2026-04-13 17:01:12", "level": "INFO", "logger": "main", "log_id": "", "run_id": "", "space_id": "", "project_id": "", "method": "", "x_tt_env": "", "lineno": 250, "funcName": "<module>", "taskName": "Task-1"}
{"message": "   ✅ CSS静态文件已挂载", "timestamp": "2026-04-13 17:01:12", "level": "INFO", "logger": "main", "log_id": "", "run_id": "", "space_id": "", "project_id": "", "method": "", "x_tt_env": "", "lineno": 254, "funcName": "<module>", "taskName": "Task-1"}
{"message": "   ✅ JS静态文件已挂载", "timestamp": "2026-04-13 17:01:12", "level": "INFO", "logger": "main", "log_id": "", "run_id": "", "space_id": "", "project_id": "", "method": "", "x_tt_env": "", "lineno": 257, "funcName": "<module>", "taskName": "Task-1"}
{"message": "   ✅ Assets静态文件已挂载", "timestamp": "2026-04-13 17:01:12", "level": "INFO", "logger": "main", "log_id": "", "run_id": "", "space_id": "", "project_id": "", "method": "", "x_tt_env": "", "lineno": 260, "funcName": "<module>", "taskName": "Task-1"}
{"message": "✅ 前端界面已加载: /workspace/projects/frontend", "timestamp": "2026-04-13 17:01:12", "level": "INFO", "logger": "main", "log_id": "", "run_id": "", "space_id": "", "project_id": "", "method": "", "x_tt_env": "", "lineno": 262, "funcName": "<module>", "taskName": "Task-1"}
INFO:     Started server process [3777]
INFO:     Waiting for application startup.
INFO:     Application startup complete.
